\BOOKMARK [1][-]{section.1}{Machine Learning Engineer Nanodegree}{}% 1
\BOOKMARK [2][-]{subsection.1.1}{Unsupervised Learning}{section.1}% 2
\BOOKMARK [2][-]{subsection.1.2}{Project 3: Creating Customer Segments}{section.1}% 3
\BOOKMARK [2][-]{subsection.1.3}{Getting Started}{section.1}% 4
\BOOKMARK [2][-]{subsection.1.4}{Data Exploration}{section.1}% 5
\BOOKMARK [3][-]{subsubsection.1.4.1}{Implementation: Selecting Samples}{subsection.1.4}% 6
\BOOKMARK [3][-]{subsubsection.1.4.2}{Question 1}{subsection.1.4}% 7
\BOOKMARK [3][-]{subsubsection.1.4.3}{Implementation: Feature Relevance}{subsection.1.4}% 8
\BOOKMARK [3][-]{subsubsection.1.4.4}{Question 2}{subsection.1.4}% 9
\BOOKMARK [3][-]{subsubsection.1.4.5}{Visualize Feature Distributions}{subsection.1.4}% 10
\BOOKMARK [3][-]{subsubsection.1.4.6}{Question 3}{subsection.1.4}% 11
\BOOKMARK [2][-]{subsection.1.5}{Data Preprocessing}{section.1}% 12
\BOOKMARK [3][-]{subsubsection.1.5.1}{Implementation: Feature Scaling}{subsection.1.5}% 13
\BOOKMARK [3][-]{subsubsection.1.5.2}{Observation}{subsection.1.5}% 14
\BOOKMARK [3][-]{subsubsection.1.5.3}{Implementation: Outlier Detection}{subsection.1.5}% 15
\BOOKMARK [3][-]{subsubsection.1.5.4}{Question 4}{subsection.1.5}% 16
\BOOKMARK [2][-]{subsection.1.6}{Feature Transformation}{section.1}% 17
\BOOKMARK [3][-]{subsubsection.1.6.1}{Implementation: PCA}{subsection.1.6}% 18
\BOOKMARK [3][-]{subsubsection.1.6.2}{Question 5}{subsection.1.6}% 19
\BOOKMARK [3][-]{subsubsection.1.6.3}{Observation}{subsection.1.6}% 20
\BOOKMARK [3][-]{subsubsection.1.6.4}{Implementation: Dimensionality Reduction}{subsection.1.6}% 21
\BOOKMARK [3][-]{subsubsection.1.6.5}{Observation}{subsection.1.6}% 22
\BOOKMARK [2][-]{subsection.1.7}{Clustering}{section.1}% 23
\BOOKMARK [3][-]{subsubsection.1.7.1}{Question 6}{subsection.1.7}% 24
\BOOKMARK [3][-]{subsubsection.1.7.2}{Implementation: Creating Clusters}{subsection.1.7}% 25
\BOOKMARK [3][-]{subsubsection.1.7.3}{Question 7}{subsection.1.7}% 26
\BOOKMARK [3][-]{subsubsection.1.7.4}{Cluster Visualization}{subsection.1.7}% 27
\BOOKMARK [3][-]{subsubsection.1.7.5}{Implementation: Data Recovery}{subsection.1.7}% 28
\BOOKMARK [3][-]{subsubsection.1.7.6}{Question 8}{subsection.1.7}% 29
\BOOKMARK [3][-]{subsubsection.1.7.7}{Question 9}{subsection.1.7}% 30
\BOOKMARK [2][-]{subsection.1.8}{Conclusion}{section.1}% 31
\BOOKMARK [3][-]{subsubsection.1.8.1}{Question 10}{subsection.1.8}% 32
\BOOKMARK [3][-]{subsubsection.1.8.2}{Question 11}{subsection.1.8}% 33
\BOOKMARK [3][-]{subsubsection.1.8.3}{Visualizing Underlying Distributions}{subsection.1.8}% 34
\BOOKMARK [3][-]{subsubsection.1.8.4}{Question 12}{subsection.1.8}% 35
